mode: set
cycir/cmd/web/authentication-handlers.go:15.77,17.47 1 1
cycir/cmd/web/authentication-handlers.go:21.2,22.16 2 1
cycir/cmd/web/authentication-handlers.go:17.47,20.3 2 1
cycir/cmd/web/authentication-handlers.go:22.16,24.3 1 0
cycir/cmd/web/authentication-handlers.go:28.71,31.16 3 1
cycir/cmd/web/authentication-handlers.go:37.2,38.16 2 1
cycir/cmd/web/authentication-handlers.go:43.2,43.42 1 1
cycir/cmd/web/authentication-handlers.go:78.2,79.16 2 1
cycir/cmd/web/authentication-handlers.go:86.2,96.32 9 1
cycir/cmd/web/authentication-handlers.go:101.2,101.61 1 1
cycir/cmd/web/authentication-handlers.go:31.16,35.3 3 0
cycir/cmd/web/authentication-handlers.go:38.16,41.3 2 0
cycir/cmd/web/authentication-handlers.go:43.42,48.17 4 1
cycir/cmd/web/authentication-handlers.go:53.3,56.17 3 1
cycir/cmd/web/authentication-handlers.go:62.3,74.29 3 1
cycir/cmd/web/authentication-handlers.go:48.17,51.4 2 0
cycir/cmd/web/authentication-handlers.go:56.17,59.4 2 0
cycir/cmd/web/authentication-handlers.go:79.16,83.3 3 0
cycir/cmd/web/authentication-handlers.go:96.32,99.3 2 0
cycir/cmd/web/authentication-handlers.go:105.72,109.16 2 1
cycir/cmd/web/authentication-handlers.go:126.2,141.47 7 1
cycir/cmd/web/authentication-handlers.go:109.17,110.3 0 1
cycir/cmd/web/authentication-handlers.go:110.8,113.19 2 1
cycir/cmd/web/authentication-handlers.go:113.19,118.18 4 1
cycir/cmd/web/authentication-handlers.go:118.18,121.5 2 0
cycir/cmd/web/handlers.go:19.80,21.16 2 1
cycir/cmd/web/handlers.go:26.2,33.16 7 1
cycir/cmd/web/handlers.go:37.2,40.16 3 1
cycir/cmd/web/handlers.go:21.16,24.3 2 0
cycir/cmd/web/handlers.go:33.16,36.3 2 0
cycir/cmd/web/handlers.go:40.16,42.3 1 0
cycir/cmd/web/handlers.go:46.72,48.16 2 1
cycir/cmd/web/handlers.go:53.2,57.16 4 1
cycir/cmd/web/handlers.go:48.16,51.3 2 0
cycir/cmd/web/handlers.go:57.16,59.3 1 0
cycir/cmd/web/handlers.go:63.74,65.16 2 1
cycir/cmd/web/handlers.go:65.16,67.3 1 0
cycir/cmd/web/handlers.go:71.74,74.16 2 1
cycir/cmd/web/handlers.go:80.2,84.16 4 1
cycir/cmd/web/handlers.go:74.16,77.3 2 0
cycir/cmd/web/handlers.go:84.16,86.3 1 0
cycir/cmd/web/handlers.go:90.70,95.12 3 1
cycir/cmd/web/handlers.go:105.2,109.16 4 1
cycir/cmd/web/handlers.go:95.12,98.17 2 0
cycir/cmd/web/handlers.go:102.3,102.11 1 0
cycir/cmd/web/handlers.go:98.17,101.4 2 0
cycir/cmd/web/handlers.go:109.16,111.3 1 0
cycir/cmd/web/handlers.go:115.74,119.16 3 1
cycir/cmd/web/handlers.go:124.2,127.16 3 1
cycir/cmd/web/handlers.go:119.16,122.3 2 0
cycir/cmd/web/handlers.go:127.16,129.3 1 0
cycir/cmd/web/handlers.go:133.73,135.16 2 1
cycir/cmd/web/handlers.go:139.2,141.12 2 1
cycir/cmd/web/handlers.go:153.2,154.16 2 1
cycir/cmd/web/handlers.go:135.16,137.3 1 1
cycir/cmd/web/handlers.go:141.12,143.17 2 0
cycir/cmd/web/handlers.go:147.3,147.22 1 0
cycir/cmd/web/handlers.go:143.17,146.4 2 0
cycir/cmd/web/handlers.go:148.8,151.3 2 1
cycir/cmd/web/handlers.go:154.16,156.3 1 0
cycir/cmd/web/handlers.go:160.70,161.16 1 0
cycir/cmd/web/handlers.go:162.27,163.16 1 0
cycir/cmd/web/handlers.go:164.38,165.16 1 0
cycir/cmd/web/handlers.go:166.29,167.16 1 0
cycir/cmd/web/handlers.go:168.10,169.49 1 0
cycir/cmd/web/handlers.go:174.69,178.2 3 0
cycir/cmd/web/handlers.go:180.54,185.2 4 0
cycir/cmd/web/handlers.go:187.54,192.2 4 0
cycir/cmd/web/handlers.go:194.54,199.2 4 0
cycir/cmd/web/handlers.go:201.59,203.2 1 0
cycir/cmd/web/main.go:65.39,78.2 3 0
cycir/cmd/web/main.go:80.13,83.16 2 0
cycir/cmd/web/main.go:83.16,85.3 1 0
cycir/cmd/web/main.go:88.18,99.76 9 1
cycir/cmd/web/main.go:104.2,138.16 21 1
cycir/cmd/web/main.go:141.2,158.16 13 1
cycir/cmd/web/main.go:162.2,162.35 1 1
cycir/cmd/web/main.go:166.2,175.17 8 1
cycir/cmd/web/main.go:197.2,197.12 1 1
cycir/cmd/web/main.go:99.76,102.3 2 0
cycir/cmd/web/main.go:138.16,140.3 1 0
cycir/cmd/web/main.go:158.16,160.3 1 0
cycir/cmd/web/main.go:162.35,164.3 1 1
cycir/cmd/web/main.go:175.17,192.17 6 0
cycir/cmd/web/main.go:192.17,195.4 2 0
cycir/cmd/web/main.go:200.68,206.2 2 0
cycir/cmd/web/main.go:208.55,213.36 1 0
cycir/cmd/web/main.go:213.36,217.4 1 0
cycir/cmd/web/main.go:219.58,222.4 2 0
cycir/cmd/web/schedule.go:16.27,16.44 1 1
cycir/cmd/web/schedule.go:19.37,19.69 1 0
cycir/cmd/web/schedule.go:22.32,22.59 1 0
cycir/cmd/web/schedule.go:25.77,28.16 3 1
cycir/cmd/web/schedule.go:33.2,33.38 1 1
cycir/cmd/web/schedule.go:48.2,54.16 5 1
cycir/cmd/web/schedule.go:28.16,31.3 2 0
cycir/cmd/web/schedule.go:33.38,36.17 3 0
cycir/cmd/web/schedule.go:40.3,44.30 5 0
cycir/cmd/web/schedule.go:36.17,39.4 2 0
cycir/cmd/web/schedule.go:54.16,56.3 1 0
cycir/cmd/web/all-services-status-pages.go:10.84,13.16 2 1
cycir/cmd/web/all-services-status-pages.go:17.2,20.16 4 1
cycir/cmd/web/all-services-status-pages.go:13.16,16.3 2 0
cycir/cmd/web/all-services-status-pages.go:20.16,22.3 1 0
cycir/cmd/web/all-services-status-pages.go:26.84,29.16 2 1
cycir/cmd/web/all-services-status-pages.go:33.2,36.16 4 1
cycir/cmd/web/all-services-status-pages.go:29.16,32.3 2 0
cycir/cmd/web/all-services-status-pages.go:36.16,38.3 1 0
cycir/cmd/web/all-services-status-pages.go:42.84,45.16 2 1
cycir/cmd/web/all-services-status-pages.go:49.2,52.16 4 1
cycir/cmd/web/all-services-status-pages.go:45.16,48.3 2 0
cycir/cmd/web/all-services-status-pages.go:52.16,54.3 1 0
cycir/cmd/web/all-services-status-pages.go:58.84,61.16 2 1
cycir/cmd/web/all-services-status-pages.go:65.2,69.16 4 1
cycir/cmd/web/all-services-status-pages.go:61.16,64.3 2 0
cycir/cmd/web/all-services-status-pages.go:69.16,71.3 1 0
cycir/cmd/web/cache-handlers.go:15.77,17.16 2 1
cycir/cmd/web/cache-handlers.go:21.2,34.16 7 1
cycir/cmd/web/cache-handlers.go:40.2,42.14 3 1
cycir/cmd/web/cache-handlers.go:17.16,19.3 1 0
cycir/cmd/web/cache-handlers.go:34.16,38.3 3 0
cycir/cmd/web/cache-handlers.go:45.78,47.16 2 1
cycir/cmd/web/cache-handlers.go:51.2,60.16 7 1
cycir/cmd/web/cache-handlers.go:65.2,65.13 1 1
cycir/cmd/web/cache-handlers.go:73.2,75.14 3 1
cycir/cmd/web/cache-handlers.go:47.16,49.3 1 0
cycir/cmd/web/cache-handlers.go:60.16,63.3 2 0
cycir/cmd/web/cache-handlers.go:65.13,69.3 3 1
cycir/cmd/web/cache-handlers.go:69.8,71.3 1 0
cycir/cmd/web/cache-handlers.go:78.81,80.16 2 1
cycir/cmd/web/cache-handlers.go:84.2,91.16 6 1
cycir/cmd/web/cache-handlers.go:96.2,101.14 5 1
cycir/cmd/web/cache-handlers.go:80.16,82.3 1 0
cycir/cmd/web/cache-handlers.go:91.16,94.3 2 0
cycir/cmd/web/cache-handlers.go:104.76,106.16 2 1
cycir/cmd/web/cache-handlers.go:110.2,116.16 5 1
cycir/cmd/web/cache-handlers.go:121.2,126.14 5 1
cycir/cmd/web/cache-handlers.go:106.16,108.3 1 0
cycir/cmd/web/cache-handlers.go:116.16,119.3 2 0
cycir/cmd/web/helpers.go:19.35,21.2 1 1
cycir/cmd/web/helpers.go:24.44,28.2 3 1
cycir/cmd/web/helpers.go:31.33,34.69 2 1
cycir/cmd/web/helpers.go:46.2,46.18 1 1
cycir/cmd/web/helpers.go:34.69,35.18 1 1
cycir/cmd/web/helpers.go:38.3,38.67 1 1
cycir/cmd/web/helpers.go:42.3,43.11 2 1
cycir/cmd/web/helpers.go:35.18,37.4 1 1
cycir/cmd/web/helpers.go:38.67,41.4 2 1
cycir/cmd/web/middleware.go:15.50,17.2 1 1
cycir/cmd/web/middleware.go:21.62,22.70 1 1
cycir/cmd/web/middleware.go:22.70,23.92 1 0
cycir/cmd/web/middleware.go:27.3,27.57 1 0
cycir/cmd/web/middleware.go:23.92,26.4 2 0
cycir/cmd/web/middleware.go:32.51,33.71 1 1
cycir/cmd/web/middleware.go:33.71,34.16 1 0
cycir/cmd/web/middleware.go:41.3,41.23 1 0
cycir/cmd/web/middleware.go:34.16,36.36 1 0
cycir/cmd/web/middleware.go:36.36,39.5 1 0
cycir/cmd/web/middleware.go:46.45,61.2 5 1
cycir/cmd/web/middleware.go:64.71,65.71 1 1
cycir/cmd/web/middleware.go:65.71,66.26 1 1
cycir/cmd/web/middleware.go:66.26,69.18 2 1
cycir/cmd/web/middleware.go:69.18,71.5 1 1
cycir/cmd/web/middleware.go:71.10,74.21 2 1
cycir/cmd/web/middleware.go:74.21,81.19 5 1
cycir/cmd/web/middleware.go:81.19,100.7 13 1
cycir/cmd/web/middleware.go:100.12,106.7 4 1
cycir/cmd/web/middleware.go:107.11,110.6 1 0
cycir/cmd/web/middleware.go:112.9,115.18 2 0
cycir/cmd/web/middleware.go:115.18,118.5 1 0
cycir/cmd/web/middleware.go:118.10,121.21 2 0
cycir/cmd/web/middleware.go:121.21,126.20 5 0
cycir/cmd/web/middleware.go:126.20,131.7 4 0
cycir/cmd/web/middleware.go:131.12,133.7 1 0
cycir/cmd/web/middleware.go:134.11,136.6 1 0
cycir/cmd/web/middleware.go:143.86,163.2 6 1
cycir/cmd/web/render.go:26.29,27.56 1 1
cycir/cmd/web/render.go:31.2,31.71 1 1
cycir/cmd/web/render.go:35.2,35.61 1 1
cycir/cmd/web/render.go:27.56,29.3 1 0
cycir/cmd/web/render.go:31.71,33.3 1 0
cycir/cmd/web/render.go:35.61,37.3 1 0
cycir/cmd/web/render.go:41.36,42.16 1 0
cycir/cmd/web/render.go:45.2,45.31 1 0
cycir/cmd/web/render.go:42.16,44.3 1 0
cycir/cmd/web/render.go:49.57,51.2 1 0
cycir/cmd/web/render.go:54.36,57.2 2 0
cycir/cmd/web/render.go:66.28,71.2 1 1
cycir/cmd/web/render.go:74.84,78.16 3 1
cycir/cmd/web/render.go:82.2,82.35 1 1
cycir/cmd/web/render.go:86.2,91.24 4 1
cycir/cmd/web/render.go:98.2,102.11 4 1
cycir/cmd/web/render.go:78.16,80.3 1 0
cycir/cmd/web/render.go:82.35,84.3 1 0
cycir/cmd/web/render.go:91.24,96.3 4 0
cycir/cmd/web/render.go:106.132,109.22 2 1
cycir/cmd/web/render.go:116.2,117.17 2 1
cycir/cmd/web/render.go:122.2,129.16 4 1
cycir/cmd/web/render.go:134.2,134.46 1 1
cycir/cmd/web/render.go:139.2,139.12 1 1
cycir/cmd/web/render.go:109.22,111.3 1 1
cycir/cmd/web/render.go:111.8,113.3 1 1
cycir/cmd/web/render.go:117.17,119.3 1 0
cycir/cmd/web/render.go:129.16,132.3 2 0
cycir/cmd/web/render.go:134.46,137.3 2 0
cycir/cmd/web/routes.go:9.47,23.42 9 1
cycir/cmd/web/routes.go:60.2,63.12 3 1
cycir/cmd/web/routes.go:23.42,58.3 17 1
