mode: set
cycir/cmd/web/all-services-status-pages.go:9.84,12.16 2 1
cycir/cmd/web/all-services-status-pages.go:16.2,19.16 4 1
cycir/cmd/web/all-services-status-pages.go:12.16,15.3 2 0
cycir/cmd/web/all-services-status-pages.go:19.16,21.3 1 0
cycir/cmd/web/all-services-status-pages.go:25.84,28.16 2 1
cycir/cmd/web/all-services-status-pages.go:32.2,35.16 4 1
cycir/cmd/web/all-services-status-pages.go:28.16,31.3 2 0
cycir/cmd/web/all-services-status-pages.go:35.16,37.3 1 0
cycir/cmd/web/all-services-status-pages.go:41.84,44.16 2 1
cycir/cmd/web/all-services-status-pages.go:48.2,51.16 4 1
cycir/cmd/web/all-services-status-pages.go:44.16,47.3 2 0
cycir/cmd/web/all-services-status-pages.go:51.16,53.3 1 0
cycir/cmd/web/all-services-status-pages.go:57.84,60.16 2 1
cycir/cmd/web/all-services-status-pages.go:64.2,68.16 4 1
cycir/cmd/web/all-services-status-pages.go:60.16,63.3 2 0
cycir/cmd/web/all-services-status-pages.go:68.16,70.3 1 0
cycir/cmd/web/handlers.go:18.80,20.16 2 1
cycir/cmd/web/handlers.go:25.2,32.16 7 1
cycir/cmd/web/handlers.go:36.2,39.16 3 1
cycir/cmd/web/handlers.go:20.16,23.3 2 0
cycir/cmd/web/handlers.go:32.16,35.3 2 0
cycir/cmd/web/handlers.go:39.16,41.3 1 0
cycir/cmd/web/handlers.go:45.72,47.16 2 1
cycir/cmd/web/handlers.go:52.2,56.16 4 1
cycir/cmd/web/handlers.go:47.16,50.3 2 0
cycir/cmd/web/handlers.go:56.16,58.3 1 0
cycir/cmd/web/handlers.go:62.74,64.16 2 1
cycir/cmd/web/handlers.go:64.16,66.3 1 0
cycir/cmd/web/handlers.go:70.74,73.16 2 1
cycir/cmd/web/handlers.go:79.2,83.16 4 1
cycir/cmd/web/handlers.go:73.16,76.3 2 0
cycir/cmd/web/handlers.go:83.16,85.3 1 0
cycir/cmd/web/handlers.go:89.70,94.12 3 1
cycir/cmd/web/handlers.go:104.2,108.16 4 1
cycir/cmd/web/handlers.go:94.12,97.17 2 1
cycir/cmd/web/handlers.go:101.3,101.11 1 1
cycir/cmd/web/handlers.go:97.17,100.4 2 0
cycir/cmd/web/handlers.go:108.16,110.3 1 0
cycir/cmd/web/handlers.go:114.74,118.16 3 1
cycir/cmd/web/handlers.go:123.2,126.16 3 1
cycir/cmd/web/handlers.go:118.16,121.3 2 0
cycir/cmd/web/handlers.go:126.16,128.3 1 0
cycir/cmd/web/handlers.go:132.73,134.16 2 1
cycir/cmd/web/handlers.go:138.2,140.12 2 1
cycir/cmd/web/handlers.go:152.2,153.16 2 1
cycir/cmd/web/handlers.go:134.16,136.3 1 0
cycir/cmd/web/handlers.go:140.12,142.17 2 1
cycir/cmd/web/handlers.go:146.3,146.22 1 1
cycir/cmd/web/handlers.go:142.17,145.4 2 0
cycir/cmd/web/handlers.go:147.8,150.3 2 1
cycir/cmd/web/handlers.go:153.16,155.3 1 0
cycir/cmd/web/handlers.go:159.70,160.16 1 0
cycir/cmd/web/handlers.go:161.27,162.16 1 0
cycir/cmd/web/handlers.go:163.38,164.16 1 0
cycir/cmd/web/handlers.go:165.29,166.16 1 0
cycir/cmd/web/handlers.go:167.10,168.49 1 0
cycir/cmd/web/handlers.go:173.69,177.2 3 0
cycir/cmd/web/handlers.go:179.54,184.2 4 0
cycir/cmd/web/handlers.go:186.54,191.2 4 0
cycir/cmd/web/handlers.go:193.54,198.2 4 0
cycir/cmd/web/handlers.go:200.59,202.2 1 0
cycir/cmd/web/routes.go:9.47,23.42 9 1
cycir/cmd/web/routes.go:60.2,63.12 3 1
cycir/cmd/web/routes.go:23.42,58.3 17 1
cycir/cmd/web/main.go:66.39,79.2 3 0
cycir/cmd/web/main.go:81.13,84.16 2 0
cycir/cmd/web/main.go:84.16,86.3 1 0
cycir/cmd/web/main.go:89.18,100.76 9 1
cycir/cmd/web/main.go:105.2,136.16 19 1
cycir/cmd/web/main.go:140.2,157.16 6 1
cycir/cmd/web/main.go:160.2,177.16 13 1
cycir/cmd/web/main.go:181.2,181.35 1 1
cycir/cmd/web/main.go:185.2,194.17 8 1
cycir/cmd/web/main.go:216.2,216.12 1 1
cycir/cmd/web/main.go:100.76,103.3 2 0
cycir/cmd/web/main.go:136.16,139.3 2 0
cycir/cmd/web/main.go:157.16,159.3 1 0
cycir/cmd/web/main.go:177.16,179.3 1 0
cycir/cmd/web/main.go:181.35,183.3 1 1
cycir/cmd/web/main.go:194.17,211.17 6 0
cycir/cmd/web/main.go:211.17,214.4 2 0
cycir/cmd/web/main.go:219.68,225.2 2 0
cycir/cmd/web/main.go:227.55,232.36 1 0
cycir/cmd/web/main.go:232.36,236.4 1 0
cycir/cmd/web/main.go:238.58,241.4 2 0
cycir/cmd/web/middleware.go:15.50,17.2 1 1
cycir/cmd/web/middleware.go:21.62,22.70 1 1
cycir/cmd/web/middleware.go:22.70,23.92 1 0
cycir/cmd/web/middleware.go:27.3,27.57 1 0
cycir/cmd/web/middleware.go:23.92,26.4 2 0
cycir/cmd/web/middleware.go:32.51,33.71 1 1
cycir/cmd/web/middleware.go:33.71,34.16 1 0
cycir/cmd/web/middleware.go:41.3,41.23 1 0
cycir/cmd/web/middleware.go:34.16,36.36 1 0
cycir/cmd/web/middleware.go:36.36,39.5 1 0
cycir/cmd/web/middleware.go:46.45,61.2 5 1
cycir/cmd/web/middleware.go:64.71,65.71 1 1
cycir/cmd/web/middleware.go:65.71,66.26 1 1
cycir/cmd/web/middleware.go:66.26,69.18 2 1
cycir/cmd/web/middleware.go:69.18,71.5 1 1
cycir/cmd/web/middleware.go:71.10,74.21 2 1
cycir/cmd/web/middleware.go:74.21,81.19 5 1
cycir/cmd/web/middleware.go:81.19,100.7 13 1
cycir/cmd/web/middleware.go:100.12,106.7 4 1
cycir/cmd/web/middleware.go:107.11,110.6 1 0
cycir/cmd/web/middleware.go:112.9,115.18 2 0
cycir/cmd/web/middleware.go:115.18,118.5 1 0
cycir/cmd/web/middleware.go:118.10,121.21 2 0
cycir/cmd/web/middleware.go:121.21,126.20 5 0
cycir/cmd/web/middleware.go:126.20,131.7 4 0
cycir/cmd/web/middleware.go:131.12,133.7 1 0
cycir/cmd/web/middleware.go:134.11,136.6 1 0
cycir/cmd/web/middleware.go:143.86,163.2 6 1
cycir/cmd/web/render.go:26.29,27.56 1 1
cycir/cmd/web/render.go:31.2,31.71 1 1
cycir/cmd/web/render.go:35.2,35.61 1 1
cycir/cmd/web/render.go:27.56,29.3 1 0
cycir/cmd/web/render.go:31.71,33.3 1 0
cycir/cmd/web/render.go:35.61,37.3 1 0
cycir/cmd/web/render.go:41.36,42.16 1 0
cycir/cmd/web/render.go:45.2,45.31 1 0
cycir/cmd/web/render.go:42.16,44.3 1 0
cycir/cmd/web/render.go:49.57,51.2 1 0
cycir/cmd/web/render.go:54.36,57.2 2 0
cycir/cmd/web/render.go:66.28,71.2 1 1
cycir/cmd/web/render.go:74.84,78.16 3 1
cycir/cmd/web/render.go:82.2,82.35 1 1
cycir/cmd/web/render.go:86.2,91.24 4 1
cycir/cmd/web/render.go:98.2,102.11 4 1
cycir/cmd/web/render.go:78.16,80.3 1 0
cycir/cmd/web/render.go:82.35,84.3 1 0
cycir/cmd/web/render.go:91.24,96.3 4 0
cycir/cmd/web/render.go:106.132,109.22 2 1
cycir/cmd/web/render.go:116.2,117.17 2 1
cycir/cmd/web/render.go:122.2,129.16 4 1
cycir/cmd/web/render.go:134.2,134.46 1 1
cycir/cmd/web/render.go:139.2,139.12 1 1
cycir/cmd/web/render.go:109.22,111.3 1 1
cycir/cmd/web/render.go:111.8,113.3 1 1
cycir/cmd/web/render.go:117.17,119.3 1 0
cycir/cmd/web/render.go:129.16,132.3 2 0
cycir/cmd/web/render.go:134.46,137.3 2 0
cycir/cmd/web/schedule.go:16.27,16.44 1 1
cycir/cmd/web/schedule.go:19.37,19.69 1 0
cycir/cmd/web/schedule.go:22.32,22.59 1 0
cycir/cmd/web/schedule.go:25.77,28.16 3 1
cycir/cmd/web/schedule.go:33.2,33.38 1 1
cycir/cmd/web/schedule.go:48.2,54.16 5 1
cycir/cmd/web/schedule.go:28.16,31.3 2 0
cycir/cmd/web/schedule.go:33.38,36.17 3 0
cycir/cmd/web/schedule.go:40.3,44.30 5 0
cycir/cmd/web/schedule.go:36.17,39.4 2 0
cycir/cmd/web/schedule.go:54.16,56.3 1 0
cycir/cmd/web/authentication-handlers.go:14.77,16.47 1 1
cycir/cmd/web/authentication-handlers.go:20.2,21.16 2 1
cycir/cmd/web/authentication-handlers.go:16.47,19.3 2 1
cycir/cmd/web/authentication-handlers.go:21.16,23.3 1 0
cycir/cmd/web/authentication-handlers.go:27.71,30.16 3 1
cycir/cmd/web/authentication-handlers.go:36.2,37.16 2 1
cycir/cmd/web/authentication-handlers.go:42.2,42.42 1 1
cycir/cmd/web/authentication-handlers.go:77.2,78.16 2 1
cycir/cmd/web/authentication-handlers.go:85.2,95.32 9 1
cycir/cmd/web/authentication-handlers.go:100.2,100.61 1 1
cycir/cmd/web/authentication-handlers.go:30.16,34.3 3 0
cycir/cmd/web/authentication-handlers.go:37.16,40.3 2 0
cycir/cmd/web/authentication-handlers.go:42.42,47.17 4 1
cycir/cmd/web/authentication-handlers.go:52.3,55.17 3 1
cycir/cmd/web/authentication-handlers.go:61.3,73.29 3 1
cycir/cmd/web/authentication-handlers.go:47.17,50.4 2 0
cycir/cmd/web/authentication-handlers.go:55.17,58.4 2 0
cycir/cmd/web/authentication-handlers.go:78.16,82.3 3 0
cycir/cmd/web/authentication-handlers.go:95.32,98.3 2 0
cycir/cmd/web/authentication-handlers.go:104.72,108.16 2 1
cycir/cmd/web/authentication-handlers.go:125.2,140.47 7 1
cycir/cmd/web/authentication-handlers.go:108.17,109.3 0 1
cycir/cmd/web/authentication-handlers.go:109.8,112.19 2 1
cycir/cmd/web/authentication-handlers.go:112.19,117.18 4 1
cycir/cmd/web/authentication-handlers.go:117.18,120.5 2 0
cycir/cmd/web/cache-handlers.go:14.77,16.16 2 1
cycir/cmd/web/cache-handlers.go:20.2,33.16 7 1
cycir/cmd/web/cache-handlers.go:39.2,41.14 3 1
cycir/cmd/web/cache-handlers.go:16.16,18.3 1 0
cycir/cmd/web/cache-handlers.go:33.16,37.3 3 0
cycir/cmd/web/cache-handlers.go:44.78,46.16 2 1
cycir/cmd/web/cache-handlers.go:50.2,59.16 7 1
cycir/cmd/web/cache-handlers.go:64.2,64.13 1 1
cycir/cmd/web/cache-handlers.go:72.2,74.14 3 1
cycir/cmd/web/cache-handlers.go:46.16,48.3 1 0
cycir/cmd/web/cache-handlers.go:59.16,62.3 2 0
cycir/cmd/web/cache-handlers.go:64.13,68.3 3 1
cycir/cmd/web/cache-handlers.go:68.8,70.3 1 0
cycir/cmd/web/cache-handlers.go:77.81,79.16 2 1
cycir/cmd/web/cache-handlers.go:83.2,90.16 6 1
cycir/cmd/web/cache-handlers.go:95.2,100.14 5 1
cycir/cmd/web/cache-handlers.go:79.16,81.3 1 0
cycir/cmd/web/cache-handlers.go:90.16,93.3 2 0
cycir/cmd/web/cache-handlers.go:103.76,105.16 2 1
cycir/cmd/web/cache-handlers.go:109.2,115.16 5 1
cycir/cmd/web/cache-handlers.go:120.2,125.14 5 1
cycir/cmd/web/cache-handlers.go:105.16,107.3 1 0
cycir/cmd/web/cache-handlers.go:115.16,118.3 2 0
cycir/cmd/web/helpers.go:19.35,21.2 1 1
cycir/cmd/web/helpers.go:24.44,28.2 3 1
cycir/cmd/web/helpers.go:31.33,34.69 2 1
cycir/cmd/web/helpers.go:46.2,46.18 1 1
cycir/cmd/web/helpers.go:34.69,35.18 1 1
cycir/cmd/web/helpers.go:38.3,38.67 1 1
cycir/cmd/web/helpers.go:42.3,43.11 2 1
cycir/cmd/web/helpers.go:35.18,37.4 1 1
cycir/cmd/web/helpers.go:38.67,41.4 2 1
