mode: set
cycir/cmd/api/jobs-mail.go:21.24,25.2 1 1
cycir/cmd/api/jobs-mail.go:28.73,35.2 1 1
cycir/cmd/api/jobs-mail.go:46.25,47.12 1 1
cycir/cmd/api/jobs-mail.go:47.12,48.7 1 1
cycir/cmd/api/jobs-mail.go:48.7,51.11 2 1
cycir/cmd/api/jobs-mail.go:52.29,53.43 1 1
cycir/cmd/api/jobs-mail.go:54.22,56.11 2 0
cycir/cmd/api/jobs-mail.go:63.24,64.12 1 0
cycir/cmd/api/jobs-mail.go:64.12,66.3 1 0
cycir/cmd/api/jobs-mail.go:70.83,77.2 2 1
cycir/cmd/api/jobs-mail.go:87.28,88.36 1 1
cycir/cmd/api/jobs-mail.go:93.2,93.17 1 1
cycir/cmd/api/jobs-mail.go:88.36,91.3 2 1
cycir/cmd/api/jobs-mail.go:97.33,98.6 1 1
cycir/cmd/api/jobs-mail.go:98.6,99.10 1 1
cycir/cmd/api/jobs-mail.go:100.28,101.14 1 1
cycir/cmd/api/jobs-mail.go:101.14,104.5 2 1
cycir/cmd/api/jobs-mail.go:110.71,134.46 4 1
cycir/cmd/api/jobs-mail.go:138.2,141.16 3 1
cycir/cmd/api/jobs-mail.go:145.2,148.16 3 1
cycir/cmd/api/jobs-mail.go:153.2,161.49 7 1
cycir/cmd/api/jobs-mail.go:166.2,172.16 6 1
cycir/cmd/api/jobs-mail.go:177.2,182.39 3 0
cycir/cmd/api/jobs-mail.go:188.2,188.29 1 0
cycir/cmd/api/jobs-mail.go:194.2,194.38 1 0
cycir/cmd/api/jobs-mail.go:200.2,204.16 4 0
cycir/cmd/api/jobs-mail.go:134.46,136.3 1 0
cycir/cmd/api/jobs-mail.go:141.16,143.3 1 0
cycir/cmd/api/jobs-mail.go:148.16,151.3 2 0
cycir/cmd/api/jobs-mail.go:161.49,163.3 1 1
cycir/cmd/api/jobs-mail.go:163.8,165.3 1 0
cycir/cmd/api/jobs-mail.go:172.16,175.3 2 0
cycir/cmd/api/jobs-mail.go:182.39,183.46 1 0
cycir/cmd/api/jobs-mail.go:183.46,185.4 1 0
cycir/cmd/api/jobs-mail.go:188.29,189.36 1 0
cycir/cmd/api/jobs-mail.go:189.36,191.4 1 0
cycir/cmd/api/jobs-mail.go:194.38,195.45 1 0
cycir/cmd/api/jobs-mail.go:195.45,197.4 1 0
cycir/cmd/api/jobs-mail.go:204.16,206.3 1 0
cycir/cmd/api/jobs-mail.go:206.8,208.3 1 0
cycir/cmd/api/perform-checks.go:27.59,29.16 2 0
cycir/cmd/api/perform-checks.go:34.2,35.16 2 0
cycir/cmd/api/perform-checks.go:41.2,43.28 2 0
cycir/cmd/api/perform-checks.go:47.2,48.18 2 0
cycir/cmd/api/perform-checks.go:52.2,52.30 1 0
cycir/cmd/api/perform-checks.go:29.16,32.3 2 0
cycir/cmd/api/perform-checks.go:35.16,38.3 2 0
cycir/cmd/api/perform-checks.go:43.28,45.3 1 0
cycir/cmd/api/perform-checks.go:48.18,51.3 2 0
cycir/cmd/api/perform-checks.go:55.115,61.16 5 0
cycir/cmd/api/perform-checks.go:66.2,67.16 2 0
cycir/cmd/api/perform-checks.go:72.2,77.76 6 0
cycir/cmd/api/perform-checks.go:61.16,64.3 2 0
cycir/cmd/api/perform-checks.go:67.16,70.3 2 0
cycir/cmd/api/perform-checks.go:80.95,82.16 2 1
cycir/cmd/api/perform-checks.go:82.16,84.3 1 1
cycir/cmd/api/perform-checks.go:88.75,95.16 5 0
cycir/cmd/api/perform-checks.go:101.2,102.16 2 0
cycir/cmd/api/perform-checks.go:108.2,122.16 4 0
cycir/cmd/api/perform-checks.go:127.2,127.28 1 0
cycir/cmd/api/perform-checks.go:132.2,138.16 6 0
cycir/cmd/api/perform-checks.go:143.2,158.10 4 0
cycir/cmd/api/perform-checks.go:173.2,173.39 1 0
cycir/cmd/api/perform-checks.go:95.16,98.3 2 0
cycir/cmd/api/perform-checks.go:102.16,105.3 2 0
cycir/cmd/api/perform-checks.go:122.16,124.3 1 0
cycir/cmd/api/perform-checks.go:127.28,129.3 1 0
cycir/cmd/api/perform-checks.go:138.16,141.3 2 0
cycir/cmd/api/perform-checks.go:158.10,168.3 8 0
cycir/cmd/api/perform-checks.go:168.8,171.3 2 0
cycir/cmd/api/perform-checks.go:177.104,181.22 3 0
cycir/cmd/api/perform-checks.go:196.2,196.28 1 0
cycir/cmd/api/perform-checks.go:258.2,260.35 2 0
cycir/cmd/api/perform-checks.go:182.12,184.8 2 0
cycir/cmd/api/perform-checks.go:186.13,188.8 2 0
cycir/cmd/api/perform-checks.go:190.22,192.8 2 0
cycir/cmd/api/perform-checks.go:196.28,211.17 4 0
cycir/cmd/api/perform-checks.go:216.3,216.51 1 0
cycir/cmd/api/perform-checks.go:211.17,213.4 1 0
cycir/cmd/api/perform-checks.go:216.51,217.30 1 0
cycir/cmd/api/perform-checks.go:217.30,223.31 2 0
cycir/cmd/api/perform-checks.go:234.5,234.22 1 0
cycir/cmd/api/perform-checks.go:223.31,227.6 2 0
cycir/cmd/api/perform-checks.go:227.11,227.38 1 0
cycir/cmd/api/perform-checks.go:227.38,231.6 2 0
cycir/cmd/api/perform-checks.go:231.11,231.38 1 0
cycir/cmd/api/perform-checks.go:231.39,233.6 0 0
cycir/cmd/api/perform-checks.go:263.104,275.2 10 1
cycir/cmd/api/perform-checks.go:277.91,286.68 6 1
cycir/cmd/api/perform-checks.go:291.2,299.72 8 1
cycir/cmd/api/perform-checks.go:286.68,288.3 1 0
cycir/cmd/api/perform-checks.go:288.8,290.3 1 1
cycir/cmd/api/perform-checks.go:302.50,304.2 1 0
cycir/cmd/api/perform-checks.go:306.67,314.2 2 0
cycir/cmd/api/perform-checks.go:316.57,321.2 3 1
cycir/cmd/api/perform-checks.go:324.56,325.33 1 0
cycir/cmd/api/perform-checks.go:329.2,332.16 3 0
cycir/cmd/api/perform-checks.go:335.2,337.38 2 0
cycir/cmd/api/perform-checks.go:341.2,341.77 1 0
cycir/cmd/api/perform-checks.go:325.33,327.3 1 0
cycir/cmd/api/perform-checks.go:332.16,334.3 1 0
cycir/cmd/api/perform-checks.go:337.38,339.3 1 0
cycir/cmd/api/perform-checks.go:345.57,346.33 1 0
cycir/cmd/api/perform-checks.go:350.2,353.16 3 0
cycir/cmd/api/perform-checks.go:357.2,359.38 2 0
cycir/cmd/api/perform-checks.go:364.2,364.77 1 0
cycir/cmd/api/perform-checks.go:346.33,348.3 1 0
cycir/cmd/api/perform-checks.go:353.16,356.3 2 0
cycir/cmd/api/perform-checks.go:359.38,362.3 2 0
cycir/cmd/api/perform-checks.go:368.119,370.16 2 0
cycir/cmd/api/perform-checks.go:370.16,372.3 1 0
cycir/cmd/api/perform-checks.go:372.8,374.3 1 0
cycir/cmd/api/perform-checks.go:378.55,379.40 1 0
cycir/cmd/api/perform-checks.go:382.2,382.39 1 0
cycir/cmd/api/perform-checks.go:385.2,396.87 9 0
cycir/cmd/api/perform-checks.go:421.2,421.28 1 0
cycir/cmd/api/perform-checks.go:431.2,431.35 1 0
cycir/cmd/api/perform-checks.go:379.40,381.3 1 0
cycir/cmd/api/perform-checks.go:382.39,384.3 1 0
cycir/cmd/api/perform-checks.go:396.87,400.26 3 0
cycir/cmd/api/perform-checks.go:400.26,404.4 1 0
cycir/cmd/api/perform-checks.go:404.9,404.38 1 0
cycir/cmd/api/perform-checks.go:404.38,406.43 1 0
cycir/cmd/api/perform-checks.go:406.43,410.5 3 0
cycir/cmd/api/perform-checks.go:410.10,413.5 2 0
cycir/cmd/api/perform-checks.go:414.9,418.4 2 0
cycir/cmd/api/perform-checks.go:421.28,423.77 2 0
cycir/cmd/api/perform-checks.go:426.3,428.37 3 0
cycir/cmd/api/perform-checks.go:423.77,425.4 1 0
cycir/cmd/api/perform-checks.go:434.64,435.49 1 1
cycir/cmd/api/perform-checks.go:435.49,439.17 4 0
cycir/cmd/api/perform-checks.go:444.3,454.73 10 0
cycir/cmd/api/perform-checks.go:439.17,442.4 2 0
cycir/cmd/api/perform-checks.go:458.69,459.49 1 1
cycir/cmd/api/perform-checks.go:459.49,464.3 4 0
cycir/cmd/api/routes-api.go:10.47,26.44 5 1
cycir/cmd/api/routes-api.go:31.2,31.47 1 1
cycir/cmd/api/routes-api.go:63.2,63.12 1 1
cycir/cmd/api/routes-api.go:26.44,29.3 2 1
cycir/cmd/api/routes-api.go:31.47,61.3 15 1
cycir/cmd/api/send-mail.go:8.69,10.35 1 1
cycir/cmd/api/send-mail.go:15.2,16.22 2 1
cycir/cmd/api/send-mail.go:10.35,13.3 2 1
cycir/cmd/api/middleware.go:9.62,10.70 1 1
cycir/cmd/api/middleware.go:10.70,12.17 2 1
cycir/cmd/api/middleware.go:16.3,16.23 1 1
cycir/cmd/api/middleware.go:12.17,15.4 2 1
cycir/cmd/api/middleware.go:21.45,36.2 5 1
cycir/cmd/api/start-monitoring.go:17.37,19.2 1 1
cycir/cmd/api/start-monitoring.go:22.20,24.2 1 0
cycir/cmd/api/start-monitoring.go:27.43,28.49 1 1
cycir/cmd/api/start-monitoring.go:28.49,33.17 4 1
cycir/cmd/api/start-monitoring.go:38.3,39.17 2 1
cycir/cmd/api/start-monitoring.go:44.3,44.39 1 1
cycir/cmd/api/start-monitoring.go:33.17,35.4 1 1
cycir/cmd/api/start-monitoring.go:39.17,41.4 1 0
cycir/cmd/api/start-monitoring.go:44.39,47.29 2 0
cycir/cmd/api/start-monitoring.go:55.4,58.18 4 0
cycir/cmd/api/start-monitoring.go:62.4,67.18 3 0
cycir/cmd/api/start-monitoring.go:71.4,78.69 6 0
cycir/cmd/api/start-monitoring.go:83.4,85.34 3 0
cycir/cmd/api/start-monitoring.go:90.4,93.18 3 0
cycir/cmd/api/start-monitoring.go:97.4,98.18 2 0
cycir/cmd/api/start-monitoring.go:47.29,49.5 1 0
cycir/cmd/api/start-monitoring.go:49.10,52.5 1 0
cycir/cmd/api/start-monitoring.go:58.18,60.5 1 0
cycir/cmd/api/start-monitoring.go:67.18,69.5 1 0
cycir/cmd/api/start-monitoring.go:78.69,80.5 1 0
cycir/cmd/api/start-monitoring.go:80.10,82.5 1 0
cycir/cmd/api/start-monitoring.go:85.34,87.5 1 0
cycir/cmd/api/start-monitoring.go:87.10,89.5 1 0
cycir/cmd/api/start-monitoring.go:93.18,95.5 1 0
cycir/cmd/api/start-monitoring.go:98.18,100.5 1 0
cycir/cmd/api/twillo.go:13.61,34.53 15 0
cycir/cmd/api/twillo.go:46.2,46.12 1 0
cycir/cmd/api/twillo.go:34.53,38.17 4 0
cycir/cmd/api/twillo.go:38.17,41.4 2 0
cycir/cmd/api/twillo.go:42.8,45.3 2 0
cycir/cmd/api/api.go:70.39,83.2 3 0
cycir/cmd/api/api.go:85.13,87.16 2 0
cycir/cmd/api/api.go:87.16,89.3 1 0
cycir/cmd/api/api.go:92.18,133.16 28 1
cycir/cmd/api/api.go:137.2,154.16 6 1
cycir/cmd/api/api.go:157.2,172.16 6 1
cycir/cmd/api/api.go:175.2,181.16 5 1
cycir/cmd/api/api.go:186.2,186.35 1 1
cycir/cmd/api/api.go:190.2,238.49 17 1
cycir/cmd/api/api.go:242.2,244.17 2 1
cycir/cmd/api/api.go:258.2,258.12 1 1
cycir/cmd/api/api.go:133.16,136.3 2 0
cycir/cmd/api/api.go:154.16,156.3 1 0
cycir/cmd/api/api.go:172.16,174.3 1 0
cycir/cmd/api/api.go:181.16,184.3 2 0
cycir/cmd/api/api.go:186.35,188.3 1 1
cycir/cmd/api/api.go:238.49,240.3 1 1
cycir/cmd/api/api.go:244.17,247.17 3 0
cycir/cmd/api/api.go:251.3,252.17 2 0
cycir/cmd/api/api.go:247.17,249.4 1 0
cycir/cmd/api/api.go:252.17,255.4 2 0
cycir/cmd/api/perform-report.go:11.42,22.35 6 0
cycir/cmd/api/perform-report.go:32.2,34.19 3 0
cycir/cmd/api/perform-report.go:22.35,31.3 7 0
cycir/cmd/api/file-handlers-api.go:22.75,26.16 4 0
cycir/cmd/api/file-handlers-api.go:30.2,33.16 3 0
cycir/cmd/api/file-handlers-api.go:37.2,46.16 6 0
cycir/cmd/api/file-handlers-api.go:51.2,52.32 2 0
cycir/cmd/api/file-handlers-api.go:67.2,68.16 2 0
cycir/cmd/api/file-handlers-api.go:73.2,74.39 2 0
cycir/cmd/api/file-handlers-api.go:26.16,29.3 2 0
cycir/cmd/api/file-handlers-api.go:33.16,36.3 2 0
cycir/cmd/api/file-handlers-api.go:46.16,49.3 2 0
cycir/cmd/api/file-handlers-api.go:52.32,65.3 11 0
cycir/cmd/api/file-handlers-api.go:68.16,71.3 2 0
cycir/cmd/api/file-handlers-api.go:77.74,83.16 4 0
cycir/cmd/api/file-handlers-api.go:88.2,91.39 4 0
cycir/cmd/api/file-handlers-api.go:83.16,86.3 2 0
cycir/cmd/api/file-handlers-api.go:94.59,96.16 2 0
cycir/cmd/api/file-handlers-api.go:100.2,100.15 1 0
cycir/cmd/api/file-handlers-api.go:108.2,111.16 3 0
cycir/cmd/api/file-handlers-api.go:115.2,115.28 1 0
cycir/cmd/api/file-handlers-api.go:126.2,126.18 1 0
cycir/cmd/api/file-handlers-api.go:96.16,99.3 2 0
cycir/cmd/api/file-handlers-api.go:100.15,102.35 1 0
cycir/cmd/api/file-handlers-api.go:102.35,105.4 2 0
cycir/cmd/api/file-handlers-api.go:111.16,114.3 2 0
cycir/cmd/api/file-handlers-api.go:115.28,117.13 2 0
cycir/cmd/api/file-handlers-api.go:120.3,120.33 1 0
cycir/cmd/api/file-handlers-api.go:123.3,123.27 1 0
cycir/cmd/api/file-handlers-api.go:117.13,118.12 1 0
cycir/cmd/api/file-handlers-api.go:120.33,122.4 1 0
cycir/cmd/api/handlers-api.go:20.81,27.16 3 1
cycir/cmd/api/handlers-api.go:33.2,34.16 2 1
cycir/cmd/api/handlers-api.go:40.2,41.41 2 1
cycir/cmd/api/handlers-api.go:50.2,51.16 2 1
cycir/cmd/api/handlers-api.go:57.2,58.16 2 1
cycir/cmd/api/handlers-api.go:65.2,74.46 5 1
cycir/cmd/api/handlers-api.go:27.16,30.3 2 0
cycir/cmd/api/handlers-api.go:34.16,37.3 2 0
cycir/cmd/api/handlers-api.go:41.41,44.3 2 1
cycir/cmd/api/handlers-api.go:44.8,44.45 1 1
cycir/cmd/api/handlers-api.go:44.45,47.3 2 0
cycir/cmd/api/handlers-api.go:51.16,54.3 2 0
cycir/cmd/api/handlers-api.go:58.16,61.3 2 0
cycir/cmd/api/handlers-api.go:78.82,80.31 2 1
cycir/cmd/api/handlers-api.go:84.2,85.57 2 1
cycir/cmd/api/handlers-api.go:89.2,90.22 2 1
cycir/cmd/api/handlers-api.go:95.2,96.16 2 1
cycir/cmd/api/handlers-api.go:100.2,100.18 1 1
cycir/cmd/api/handlers-api.go:80.31,82.3 1 1
cycir/cmd/api/handlers-api.go:85.57,87.3 1 0
cycir/cmd/api/handlers-api.go:90.22,92.3 1 0
cycir/cmd/api/handlers-api.go:96.16,98.3 1 0
cycir/cmd/api/handlers-api.go:104.85,107.16 2 1
cycir/cmd/api/handlers-api.go:113.2,119.42 4 1
cycir/cmd/api/handlers-api.go:107.16,110.3 2 1
cycir/cmd/api/handlers-api.go:123.76,129.16 4 1
cycir/cmd/api/handlers-api.go:134.2,146.39 6 1
cycir/cmd/api/handlers-api.go:129.16,132.3 2 0
cycir/cmd/api/handlers-api.go:150.78,154.16 3 1
cycir/cmd/api/handlers-api.go:159.2,179.32 19 1
cycir/cmd/api/handlers-api.go:183.2,184.16 2 1
cycir/cmd/api/handlers-api.go:190.2,190.28 1 1
cycir/cmd/api/handlers-api.go:194.2,203.27 3 1
cycir/cmd/api/handlers-api.go:213.2,213.39 1 1
cycir/cmd/api/handlers-api.go:154.16,157.3 2 0
cycir/cmd/api/handlers-api.go:179.32,181.3 1 0
cycir/cmd/api/handlers-api.go:184.16,187.3 2 0
cycir/cmd/api/handlers-api.go:190.28,192.3 1 1
cycir/cmd/api/handlers-api.go:203.27,207.3 3 1
cycir/cmd/api/handlers-api.go:207.8,211.3 3 1
cycir/cmd/api/handlers-api.go:217.74,221.16 3 1
cycir/cmd/api/handlers-api.go:226.2,230.12 3 1
cycir/cmd/api/handlers-api.go:240.2,249.12 9 1
cycir/cmd/api/handlers-api.go:264.2,273.27 3 1
cycir/cmd/api/handlers-api.go:283.2,283.39 1 1
cycir/cmd/api/handlers-api.go:221.16,224.3 2 0
cycir/cmd/api/handlers-api.go:230.12,233.17 2 1
cycir/cmd/api/handlers-api.go:237.3,237.11 1 1
cycir/cmd/api/handlers-api.go:233.17,236.4 2 0
cycir/cmd/api/handlers-api.go:249.12,251.17 2 1
cycir/cmd/api/handlers-api.go:251.17,254.4 2 0
cycir/cmd/api/handlers-api.go:255.8,257.17 2 1
cycir/cmd/api/handlers-api.go:261.3,261.15 1 1
cycir/cmd/api/handlers-api.go:257.17,260.4 2 0
cycir/cmd/api/handlers-api.go:273.27,277.3 3 1
cycir/cmd/api/handlers-api.go:277.8,281.3 3 1
cycir/cmd/api/handlers-api.go:287.76,292.16 4 1
cycir/cmd/api/handlers-api.go:297.2,307.40 5 1
cycir/cmd/api/handlers-api.go:292.16,295.3 2 0
cycir/cmd/api/handlers-api.go:311.77,313.16 2 1
cycir/cmd/api/handlers-api.go:317.2,319.16 3 1
cycir/cmd/api/handlers-api.go:324.2,326.12 2 1
cycir/cmd/api/handlers-api.go:362.2,374.39 6 1
cycir/cmd/api/handlers-api.go:313.16,315.3 1 0
cycir/cmd/api/handlers-api.go:319.16,322.3 2 0
cycir/cmd/api/handlers-api.go:326.12,334.17 7 1
cycir/cmd/api/handlers-api.go:339.3,339.32 1 1
cycir/cmd/api/handlers-api.go:334.17,337.4 2 0
cycir/cmd/api/handlers-api.go:339.32,342.18 2 0
cycir/cmd/api/handlers-api.go:342.18,345.5 2 0
cycir/cmd/api/handlers-api.go:347.8,356.17 8 1
cycir/cmd/api/handlers-api.go:356.17,359.4 2 0
cycir/cmd/api/handlers-api.go:377.87,386.16 3 1
cycir/cmd/api/handlers-api.go:391.2,396.16 3 1
cycir/cmd/api/handlers-api.go:401.2,402.16 2 1
cycir/cmd/api/handlers-api.go:406.2,408.18 3 1
cycir/cmd/api/handlers-api.go:411.2,411.19 1 1
cycir/cmd/api/handlers-api.go:415.2,425.19 2 1
cycir/cmd/api/handlers-api.go:468.2,468.39 1 1
cycir/cmd/api/handlers-api.go:386.16,389.3 2 0
cycir/cmd/api/handlers-api.go:396.16,399.3 2 0
cycir/cmd/api/handlers-api.go:402.16,405.3 2 0
cycir/cmd/api/handlers-api.go:408.18,410.3 1 1
cycir/cmd/api/handlers-api.go:411.19,413.3 1 0
cycir/cmd/api/handlers-api.go:425.19,426.19 1 1
cycir/cmd/api/handlers-api.go:426.19,429.4 2 1
cycir/cmd/api/handlers-api.go:429.9,434.25 4 1
cycir/cmd/api/handlers-api.go:434.25,437.5 2 1
cycir/cmd/api/handlers-api.go:437.10,439.38 2 0
cycir/cmd/api/handlers-api.go:456.5,461.41 5 0
cycir/cmd/api/handlers-api.go:439.38,455.6 13 0
cycir/cmd/api/handlers-api.go:464.8,467.3 2 0
cycir/cmd/api/handlers-api.go:471.93,482.16 3 1
cycir/cmd/api/handlers-api.go:486.2,491.16 3 1
cycir/cmd/api/handlers-api.go:495.2,496.16 2 1
cycir/cmd/api/handlers-api.go:500.2,503.18 3 1
cycir/cmd/api/handlers-api.go:506.2,506.19 1 1
cycir/cmd/api/handlers-api.go:510.2,517.19 2 1
cycir/cmd/api/handlers-api.go:542.2,546.39 4 1
cycir/cmd/api/handlers-api.go:482.16,485.3 2 0
cycir/cmd/api/handlers-api.go:491.16,494.3 2 0
cycir/cmd/api/handlers-api.go:496.16,499.3 2 0
cycir/cmd/api/handlers-api.go:503.18,505.3 1 1
cycir/cmd/api/handlers-api.go:506.19,508.3 1 0
cycir/cmd/api/handlers-api.go:517.19,537.3 15 1
cycir/cmd/api/handlers-api.go:537.8,540.3 2 0
cycir/cmd/api/handlers-api.go:550.86,558.16 3 1
cycir/cmd/api/handlers-api.go:563.2,568.16 5 1
cycir/cmd/api/handlers-api.go:573.2,577.17 3 1
cycir/cmd/api/handlers-api.go:585.2,595.39 4 1
cycir/cmd/api/handlers-api.go:558.16,561.3 2 0
cycir/cmd/api/handlers-api.go:568.16,570.3 1 0
cycir/cmd/api/handlers-api.go:577.17,581.3 3 1
cycir/cmd/api/handlers-api.go:581.8,583.3 1 1
cycir/cmd/api/handlers-api.go:599.79,614.16 4 1
cycir/cmd/api/handlers-api.go:619.2,623.16 4 1
cycir/cmd/api/handlers-api.go:628.2,633.39 4 1
cycir/cmd/api/handlers-api.go:614.16,617.3 2 0
cycir/cmd/api/handlers-api.go:623.16,626.3 2 0
cycir/cmd/api/handlers-api.go:637.82,643.16 3 1
cycir/cmd/api/handlers-api.go:648.2,650.20 2 1
cycir/cmd/api/handlers-api.go:689.2,699.39 4 1
cycir/cmd/api/handlers-api.go:643.16,646.3 2 0
cycir/cmd/api/handlers-api.go:650.20,655.3 3 1
cycir/cmd/api/handlers-api.go:655.8,660.36 2 1
cycir/cmd/api/handlers-api.go:665.3,665.33 1 1
cycir/cmd/api/handlers-api.go:670.3,670.33 1 1
cycir/cmd/api/handlers-api.go:675.3,675.45 1 1
cycir/cmd/api/handlers-api.go:679.3,684.17 5 1
cycir/cmd/api/handlers-api.go:660.36,662.4 1 0
cycir/cmd/api/handlers-api.go:665.33,667.4 1 0
cycir/cmd/api/handlers-api.go:670.33,672.4 1 0
cycir/cmd/api/handlers-api.go:675.45,677.4 1 0
cycir/cmd/api/handlers-api.go:684.17,686.4 1 1
cycir/cmd/api/helpers-api.go:16.118,18.16 2 1
cycir/cmd/api/helpers-api.go:22.2,22.22 1 1
cycir/cmd/api/helpers-api.go:28.2,32.12 4 1
cycir/cmd/api/helpers-api.go:18.16,20.3 1 0
cycir/cmd/api/helpers-api.go:22.22,23.32 1 0
cycir/cmd/api/helpers-api.go:23.32,25.4 1 0
cycir/cmd/api/helpers-api.go:36.98,42.16 5 1
cycir/cmd/api/helpers-api.go:47.2,48.19 2 1
cycir/cmd/api/helpers-api.go:52.2,52.12 1 1
cycir/cmd/api/helpers-api.go:42.16,44.3 1 0
cycir/cmd/api/helpers-api.go:48.19,50.3 1 0
cycir/cmd/api/helpers-api.go:56.93,66.16 5 0
cycir/cmd/api/helpers-api.go:70.2,73.12 4 0
cycir/cmd/api/helpers-api.go:66.16,68.3 1 0
cycir/cmd/api/helpers-api.go:76.73,86.16 5 1
cycir/cmd/api/helpers-api.go:89.2,89.12 1 1
cycir/cmd/api/helpers-api.go:86.16,88.3 1 0
cycir/cmd/api/helpers-api.go:92.70,102.16 5 0
cycir/cmd/api/helpers-api.go:105.2,105.12 1 0
cycir/cmd/api/helpers-api.go:102.16,104.3 1 0
cycir/cmd/api/helpers-api.go:108.85,110.16 2 0
cycir/cmd/api/helpers-api.go:119.2,119.18 1 0
cycir/cmd/api/helpers-api.go:110.16,111.10 1 0
cycir/cmd/api/helpers-api.go:112.60,113.21 1 0
cycir/cmd/api/helpers-api.go:114.11,115.21 1 0
cycir/cmd/api/helpers-api.go:122.112,125.35 2 1
cycir/cmd/api/helpers-api.go:148.2,148.21 1 1
cycir/cmd/api/helpers-api.go:125.35,132.27 6 1
cycir/cmd/api/helpers-api.go:146.3,146.24 1 1
cycir/cmd/api/helpers-api.go:132.27,134.15 2 1
cycir/cmd/api/helpers-api.go:134.15,138.26 3 1
cycir/cmd/api/helpers-api.go:138.26,140.6 1 0
cycir/cmd/api/helpers-api.go:140.11,143.6 2 1
cycir/cmd/api/helpers-api.go:151.117,154.35 2 1
cycir/cmd/api/helpers-api.go:176.2,176.21 1 1
cycir/cmd/api/helpers-api.go:154.35,161.27 6 1
cycir/cmd/api/helpers-api.go:174.3,174.24 1 1
cycir/cmd/api/helpers-api.go:161.27,164.15 3 1
cycir/cmd/api/helpers-api.go:164.15,168.26 3 1
cycir/cmd/api/helpers-api.go:168.26,171.6 2 1
cycir/cmd/api/helpers-api.go:180.73,182.16 2 0
cycir/cmd/api/helpers-api.go:187.2,188.12 2 0
cycir/cmd/api/helpers-api.go:182.16,185.3 2 0
cycir/cmd/api/helpers-api.go:192.64,193.20 1 0
cycir/cmd/api/helpers-api.go:232.2,232.12 1 0
cycir/cmd/api/helpers-api.go:193.20,198.3 3 0
cycir/cmd/api/helpers-api.go:198.8,203.36 2 0
cycir/cmd/api/helpers-api.go:208.3,208.33 1 0
cycir/cmd/api/helpers-api.go:213.3,213.33 1 0
cycir/cmd/api/helpers-api.go:218.3,218.45 1 0
cycir/cmd/api/helpers-api.go:222.3,227.17 5 0
cycir/cmd/api/helpers-api.go:203.36,205.4 1 0
cycir/cmd/api/helpers-api.go:208.33,210.4 1 0
cycir/cmd/api/helpers-api.go:213.33,215.4 1 0
cycir/cmd/api/helpers-api.go:218.45,220.4 1 0
cycir/cmd/api/helpers-api.go:227.17,230.4 2 0
cycir/cmd/api/pusher.go:13.76,29.16 6 0
cycir/cmd/api/pusher.go:34.2,35.26 2 0
cycir/cmd/api/pusher.go:29.16,32.3 2 0
cycir/cmd/api/pusher.go:39.84,47.2 5 0
cycir/cmd/api/schedule.go:16.27,16.44 1 0
cycir/cmd/api/schedule.go:19.37,19.69 1 0
cycir/cmd/api/schedule.go:22.32,22.59 1 0
cycir/cmd/api/schedule.go:25.77,28.35 2 0
cycir/cmd/api/schedule.go:46.2,49.26 3 0
cycir/cmd/api/schedule.go:28.35,34.17 6 0
cycir/cmd/api/schedule.go:38.3,42.30 5 0
cycir/cmd/api/schedule.go:34.17,37.4 2 0
